{"/Users/pangmaosong/Documents/interview-test/Wiredcraft/test-frontend/src/components/navBar/index.ts": {"path":"/Users/pangmaosong/Documents/interview-test/Wiredcraft/test-frontend/src/components/navBar/index.ts","statementMap":{"0":{"start":{"line":6,"column":0},"end":{"line":6,"column":29}},"1":{"start":{"line":8,"column":0},"end":{"line":8,"column":null}}},"fnMap":{},"branchMap":{},"s":{"0":1,"1":1},"f":{},"b":{}}
,"/Users/pangmaosong/Documents/interview-test/Wiredcraft/test-frontend/src/components/navBar/navBar.tsx": {"path":"/Users/pangmaosong/Documents/interview-test/Wiredcraft/test-frontend/src/components/navBar/navBar.tsx","statementMap":{"0":{"start":{"line":7,"column":0},"end":{"line":7,"column":54}},"1":{"start":{"line":9,"column":0},"end":{"line":9,"column":22}},"2":{"start":{"line":15,"column":32},"end":{"line":47,"column":1}},"3":{"start":{"line":16,"column":36},"end":{"line":16,"column":56}},"4":{"start":{"line":19,"column":4},"end":{"line":19,"column":null}},"5":{"start":{"line":21,"column":2},"end":{"line":46,"column":null}},"6":{"start":{"line":49,"column":0},"end":{"line":49,"column":null}}},"fnMap":{"0":{"name":"(anonymous_1)","decl":{"start":{"line":15,"column":32},"end":{"line":15,"column":33}},"loc":{"start":{"line":15,"column":62},"end":{"line":47,"column":1}}},"1":{"name":"handleInputChange","decl":{"start":{"line":18,"column":11},"end":{"line":18,"column":28}},"loc":{"start":{"line":18,"column":60},"end":{"line":20,"column":3}}}},"branchMap":{},"s":{"0":1,"1":1,"2":1,"3":8,"4":0,"5":8,"6":1},"f":{"0":8,"1":0},"b":{}}
}
