{"/Users/pangmaosong/Documents/interview-test/Wiredcraft/test-frontend/src/components/image/image.tsx": {"path":"/Users/pangmaosong/Documents/interview-test/Wiredcraft/test-frontend/src/components/image/image.tsx","statementMap":{"0":{"start":{"line":7,"column":0},"end":{"line":7,"column":33}},"1":{"start":{"line":14,"column":30},"end":{"line":20,"column":1}},"2":{"start":{"line":15,"column":2},"end":{"line":19,"column":null}},"3":{"start":{"line":22,"column":0},"end":{"line":22,"column":null}}},"fnMap":{"0":{"name":"(anonymous_1)","decl":{"start":{"line":14,"column":30},"end":{"line":14,"column":31}},"loc":{"start":{"line":14,"column":55},"end":{"line":20,"column":1}}}},"branchMap":{},"s":{"0":1,"1":1,"2":4,"3":1},"f":{"0":4},"b":{}}
,"/Users/pangmaosong/Documents/interview-test/Wiredcraft/test-frontend/src/components/image/index.ts": {"path":"/Users/pangmaosong/Documents/interview-test/Wiredcraft/test-frontend/src/components/image/index.ts","statementMap":{"0":{"start":{"line":7,"column":0},"end":{"line":7,"column":27}},"1":{"start":{"line":9,"column":0},"end":{"line":9,"column":null}}},"fnMap":{},"branchMap":{},"s":{"0":1,"1":1},"f":{},"b":{}}
}
